2017-03-02 13:48:18.882 [main] INFO  Generator - GENERATING NEW PASSENGERS:
2017-03-02 13:48:18.884 [main] INFO  Generator - ID = 1. Initial = 3. Destination = 2. State = NOT_STARTED;
2017-03-02 13:48:18.884 [main] INFO  Generator - ID = 2. Initial = 3. Destination = 4. State = NOT_STARTED;
2017-03-02 13:48:18.884 [main] INFO  Generator - ID = 3. Initial = 4. Destination = 5. State = NOT_STARTED;
2017-03-02 13:48:18.884 [main] INFO  Generator - ID = 4. Initial = 1. Destination = 4. State = NOT_STARTED;
2017-03-02 13:48:18.884 [main] INFO  Generator - ID = 5. Initial = 3. Destination = 2. State = NOT_STARTED;
2017-03-02 13:48:18.884 [main] INFO  Generator - ID = 6. Initial = 5. Destination = 3. State = NOT_STARTED;
2017-03-02 13:48:18.884 [main] INFO  Generator - ID = 7. Initial = 3. Destination = 4. State = NOT_STARTED;
2017-03-02 13:48:18.885 [main] INFO  Generator - ID = 8. Initial = 2. Destination = 5. State = NOT_STARTED;
2017-03-02 13:48:18.885 [main] INFO  Generator - ID = 9. Initial = 3. Destination = 2. State = NOT_STARTED;
2017-03-02 13:48:18.885 [main] INFO  Generator - ID = 10. Initial = 3. Destination = 2. State = NOT_STARTED;
2017-03-02 13:48:18.886 [main] INFO  Generator - GENERATING NEW DISPATCH CONTAINERS...
2017-03-02 13:48:18.887 [main] INFO  Generator - GENERATING NEW ARRIVAL CONTAINERS...
2017-03-02 13:48:18.887 [main] INFO  Controller - TRANSPORTATION WILL START SOON
2017-03-02 13:48:18.889 [pool-2-thread-4] INFO  TRANSPORTATION - BOARDING OF PASSENGER ( ID = 4 on story-1)
2017-03-02 13:48:18.889 [Thread-1] INFO  TRANSPORTATION - MOVING ELEVATOR (from story-1 to story-2)
2017-03-02 13:48:18.890 [pool-2-thread-8] INFO  TRANSPORTATION - BOARDING OF PASSENGER ( ID = 8 on story-2)
2017-03-02 13:48:18.890 [Thread-1] INFO  TRANSPORTATION - MOVING ELEVATOR (from story-2 to story-3)
2017-03-02 13:48:18.890 [pool-2-thread-7] INFO  TRANSPORTATION - BOARDING OF PASSENGER ( ID = 7 on story-3)
2017-03-02 13:48:18.890 [Thread-1] INFO  TRANSPORTATION - MOVING ELEVATOR (from story-3 to story-4)
2017-03-02 13:48:18.890 [pool-2-thread-7] INFO  TRANSPORTATION - DEBOARDING OF PASSENGER ( ID = 7 on story-4)
2017-03-02 13:48:18.890 [pool-2-thread-4] INFO  TRANSPORTATION - DEBOARDING OF PASSENGER ( ID = 4 on story-4)
2017-03-02 13:48:18.891 [pool-2-thread-3] INFO  TRANSPORTATION - BOARDING OF PASSENGER ( ID = 3 on story-4)
2017-03-02 13:48:18.891 [Thread-1] INFO  TRANSPORTATION - MOVING ELEVATOR (from story-4 to story-5)
2017-03-02 13:48:18.891 [pool-2-thread-3] INFO  TRANSPORTATION - DEBOARDING OF PASSENGER ( ID = 3 on story-5)
2017-03-02 13:48:18.891 [pool-2-thread-8] INFO  TRANSPORTATION - DEBOARDING OF PASSENGER ( ID = 8 on story-5)
2017-03-02 13:48:18.891 [pool-2-thread-6] INFO  TRANSPORTATION - BOARDING OF PASSENGER ( ID = 6 on story-5)
2017-03-02 13:48:18.892 [Thread-1] INFO  TRANSPORTATION - MOVING ELEVATOR (from story-5 to story-4)
2017-03-02 13:48:18.892 [Thread-1] INFO  TRANSPORTATION - MOVING ELEVATOR (from story-4 to story-3)
2017-03-02 13:48:18.892 [pool-2-thread-6] INFO  TRANSPORTATION - DEBOARDING OF PASSENGER ( ID = 6 on story-3)
2017-03-02 13:48:18.892 [pool-2-thread-5] INFO  TRANSPORTATION - BOARDING OF PASSENGER ( ID = 5 on story-3)
2017-03-02 13:48:18.892 [pool-2-thread-10] INFO  TRANSPORTATION - BOARDING OF PASSENGER ( ID = 10 on story-3)
2017-03-02 13:48:18.893 [pool-2-thread-9] INFO  TRANSPORTATION - BOARDING OF PASSENGER ( ID = 9 on story-3)
2017-03-02 13:48:18.893 [Thread-1] INFO  TRANSPORTATION - MOVING ELEVATOR (from story-3 to story-2)
2017-03-02 13:48:18.893 [pool-2-thread-9] INFO  TRANSPORTATION - DEBOARDING OF PASSENGER ( ID = 9 on story-2)
2017-03-02 13:48:18.893 [pool-2-thread-5] INFO  TRANSPORTATION - DEBOARDING OF PASSENGER ( ID = 5 on story-2)
2017-03-02 13:48:18.893 [pool-2-thread-10] INFO  TRANSPORTATION - DEBOARDING OF PASSENGER ( ID = 10 on story-2)
2017-03-02 13:48:18.893 [Thread-1] INFO  TRANSPORTATION - MOVING ELEVATOR (from story-2 to story-1)
2017-03-02 13:48:18.894 [Thread-1] INFO  TRANSPORTATION - MOVING ELEVATOR (from story-1 to story-2)
2017-03-02 13:48:18.894 [Thread-1] INFO  TRANSPORTATION - MOVING ELEVATOR (from story-2 to story-3)
2017-03-02 13:48:18.894 [pool-2-thread-2] INFO  TRANSPORTATION - BOARDING OF PASSENGER ( ID = 2 on story-3)
2017-03-02 13:48:18.894 [Thread-1] INFO  TRANSPORTATION - MOVING ELEVATOR (from story-3 to story-4)
2017-03-02 13:48:18.894 [pool-2-thread-2] INFO  TRANSPORTATION - DEBOARDING OF PASSENGER ( ID = 2 on story-4)
2017-03-02 13:48:18.894 [Thread-1] INFO  TRANSPORTATION - MOVING ELEVATOR (from story-4 to story-5)
2017-03-02 13:48:18.940 [Thread-1] INFO  TRANSPORTATION - MOVING ELEVATOR (from story-5 to story-4)
2017-03-02 13:48:18.940 [Thread-1] INFO  TRANSPORTATION - MOVING ELEVATOR (from story-4 to story-3)
2017-03-02 13:48:18.940 [pool-2-thread-1] INFO  TRANSPORTATION - BOARDING OF PASSENGER ( ID = 1 on story-3)
2017-03-02 13:48:18.941 [Thread-1] INFO  TRANSPORTATION - MOVING ELEVATOR (from story-3 to story-2)
2017-03-02 13:48:18.941 [pool-2-thread-1] INFO  TRANSPORTATION - DEBOARDING OF PASSENGER ( ID = 1 on story-2)
2017-03-02 13:48:18.942 [Thread-1] INFO  TRANSPORTATION - MOVING ELEVATOR (from story-2 to story-1)
2017-03-02 13:48:18.942 [Thread-1] INFO  Controller - TRANSPORTATION COMPLETE
